2021-09-02 00:01:34,317 [1] INFO  Microsoft.Hosting.Lifetime - Application started. Press Ctrl+C to shut down.
2021-09-02 00:01:34,324 [1] INFO  Microsoft.Hosting.Lifetime - Hosting environment: Development
2021-09-02 00:01:34,326 [1] INFO  Microsoft.Hosting.Lifetime - Content root path: D:\Project\PokerGame
2021-09-02 00:01:37,847 [4] INFO  PokerGame.Controllers.WebSocketsController - Message received from Client
2021-09-02 00:01:39,237 [11] INFO  PokerGame.Controllers.WebSocketsController - Message received from Client
2021-09-02 00:01:39,243 [11] INFO  PokerGame.Controllers.WebSocketsController - WebSocket connection closed
2021-09-02 00:08:18,230 [1] INFO  Microsoft.Hosting.Lifetime - Application started. Press Ctrl+C to shut down.
2021-09-02 00:08:18,238 [1] INFO  Microsoft.Hosting.Lifetime - Hosting environment: Development
2021-09-02 00:08:18,240 [1] INFO  Microsoft.Hosting.Lifetime - Content root path: D:\Project\PokerGame
2021-09-02 00:08:22,889 [7] INFO  PokerGame.Controllers.WebSocketsController - Message received from Client
2021-09-02 00:08:23,614 [7] INFO  PokerGame.Controllers.WebSocketsController - Message received from Client
2021-09-02 00:08:23,931 [10] INFO  PokerGame.Controllers.WebSocketsController - Message received from Client
2021-09-02 00:08:23,935 [10] INFO  PokerGame.Controllers.WebSocketsController - WebSocket connection closed
2021-09-02 00:20:07,808 [1] INFO  Microsoft.Hosting.Lifetime - Application started. Press Ctrl+C to shut down.
2021-09-02 00:20:07,814 [1] INFO  Microsoft.Hosting.Lifetime - Hosting environment: Development
2021-09-02 00:20:07,815 [1] INFO  Microsoft.Hosting.Lifetime - Content root path: D:\Project\PokerGame
2021-09-02 00:24:05,966 [1] INFO  Microsoft.Hosting.Lifetime - Application started. Press Ctrl+C to shut down.
2021-09-02 00:24:05,971 [1] INFO  Microsoft.Hosting.Lifetime - Hosting environment: Development
2021-09-02 00:24:05,972 [1] INFO  Microsoft.Hosting.Lifetime - Content root path: D:\Project\PokerGame
2021-09-02 00:25:26,972 [1] INFO  Microsoft.Hosting.Lifetime - Application started. Press Ctrl+C to shut down.
2021-09-02 00:25:26,977 [1] INFO  Microsoft.Hosting.Lifetime - Hosting environment: Development
2021-09-02 00:25:26,978 [1] INFO  Microsoft.Hosting.Lifetime - Content root path: D:\Project\PokerGame
2021-09-02 00:25:32,221 [4] INFO  PokerGame.Controllers.WebSocketsController - Message received from Client
2021-09-02 00:25:32,225 [4] INFO  PokerGame.Controllers.WebSocketsController - WebSocket connection closed
2021-09-02 00:29:42,714 [1] INFO  Microsoft.Hosting.Lifetime - Application started. Press Ctrl+C to shut down.
2021-09-02 00:29:42,720 [1] INFO  Microsoft.Hosting.Lifetime - Hosting environment: Development
2021-09-02 00:29:42,722 [1] INFO  Microsoft.Hosting.Lifetime - Content root path: D:\Project\PokerGame
2021-09-02 00:29:43,515 [17] INFO  PokerGame.Controllers.WebSocketsController - Message received from Client
2021-09-02 00:29:43,516 [18] INFO  PokerGame.Controllers.WebSocketsController - Message received from Client
2021-09-02 00:29:43,634 [18] INFO  PokerGame.Controllers.WebSocketsController - WebSocket connection closed
2021-09-02 00:29:43,638 [17] INFO  PokerGame.Controllers.WebSocketsController - WebSocket connection closed
2021-09-02 00:29:43,679 [24] INFO  PokerGame.Controllers.WebSocketsController - Message received from Client
2021-09-02 00:29:43,699 [24] INFO  PokerGame.Controllers.WebSocketsController - WebSocket connection closed
2021-09-02 00:29:43,781 [18] INFO  PokerGame.Controllers.WebSocketsController - Message received from Client
2021-09-02 00:29:43,787 [18] INFO  PokerGame.Controllers.WebSocketsController - WebSocket connection closed
2021-09-02 00:29:43,902 [12] INFO  PokerGame.Controllers.WebSocketsController - Message received from Client
2021-09-02 00:29:43,905 [12] INFO  PokerGame.Controllers.WebSocketsController - WebSocket connection closed
2021-09-02 00:29:43,949 [12] INFO  PokerGame.Controllers.WebSocketsController - Message received from Client
2021-09-02 00:29:43,952 [12] INFO  PokerGame.Controllers.WebSocketsController - WebSocket connection closed
2021-09-02 00:29:44,036 [11] INFO  PokerGame.Controllers.WebSocketsController - Message received from Client
2021-09-02 00:29:44,050 [11] INFO  PokerGame.Controllers.WebSocketsController - WebSocket connection closed
2021-09-02 00:29:44,108 [10] INFO  PokerGame.Controllers.WebSocketsController - Message received from Client
2021-09-02 00:29:44,111 [10] INFO  PokerGame.Controllers.WebSocketsController - WebSocket connection closed
2021-09-02 00:29:44,172 [4] INFO  PokerGame.Controllers.WebSocketsController - Message received from Client
2021-09-02 00:29:44,175 [4] INFO  PokerGame.Controllers.WebSocketsController - WebSocket connection closed
2021-09-02 00:29:44,220 [7] INFO  PokerGame.Controllers.WebSocketsController - Message received from Client
2021-09-02 00:29:44,222 [7] INFO  PokerGame.Controllers.WebSocketsController - WebSocket connection closed
2021-09-02 00:29:44,284 [4] INFO  PokerGame.Controllers.WebSocketsController - Message received from Client
2021-09-02 00:29:44,286 [4] INFO  PokerGame.Controllers.WebSocketsController - WebSocket connection closed
2021-09-02 00:29:44,353 [7] INFO  PokerGame.Controllers.WebSocketsController - Message received from Client
2021-09-02 00:29:44,356 [7] INFO  PokerGame.Controllers.WebSocketsController - WebSocket connection closed
2021-09-02 00:29:44,402 [10] INFO  PokerGame.Controllers.WebSocketsController - Message received from Client
2021-09-02 00:29:44,404 [10] INFO  PokerGame.Controllers.WebSocketsController - WebSocket connection closed
2021-09-02 00:29:44,475 [28] INFO  PokerGame.Controllers.WebSocketsController - Message received from Client
2021-09-02 00:29:44,477 [28] INFO  PokerGame.Controllers.WebSocketsController - WebSocket connection closed
2021-09-02 00:29:44,526 [4] INFO  PokerGame.Controllers.WebSocketsController - Message received from Client
2021-09-02 00:29:44,528 [4] INFO  PokerGame.Controllers.WebSocketsController - WebSocket connection closed
2021-09-02 00:29:44,596 [10] INFO  PokerGame.Controllers.WebSocketsController - Message received from Client
2021-09-02 00:29:44,598 [10] INFO  PokerGame.Controllers.WebSocketsController - WebSocket connection closed
2021-09-02 00:29:44,671 [4] INFO  PokerGame.Controllers.WebSocketsController - Message received from Client
2021-09-02 00:29:44,675 [4] INFO  PokerGame.Controllers.WebSocketsController - WebSocket connection closed
2021-09-02 00:29:44,757 [14] INFO  PokerGame.Controllers.WebSocketsController - Message received from Client
2021-09-02 00:29:44,759 [14] INFO  PokerGame.Controllers.WebSocketsController - WebSocket connection closed
2021-09-02 00:29:44,818 [10] INFO  PokerGame.Controllers.WebSocketsController - Message received from Client
2021-09-02 00:29:44,820 [10] INFO  PokerGame.Controllers.WebSocketsController - WebSocket connection closed
2021-09-02 00:29:44,874 [4] INFO  PokerGame.Controllers.WebSocketsController - Message received from Client
2021-09-02 00:29:44,876 [4] INFO  PokerGame.Controllers.WebSocketsController - WebSocket connection closed
2021-09-02 00:29:44,931 [10] INFO  PokerGame.Controllers.WebSocketsController - Message received from Client
2021-09-02 00:29:44,933 [10] INFO  PokerGame.Controllers.WebSocketsController - WebSocket connection closed
2021-09-02 00:29:45,001 [10] INFO  PokerGame.Controllers.WebSocketsController - Message received from Client
2021-09-02 00:29:45,003 [10] INFO  PokerGame.Controllers.WebSocketsController - WebSocket connection closed
2021-09-02 00:29:45,066 [10] INFO  PokerGame.Controllers.WebSocketsController - Message received from Client
2021-09-02 00:29:45,069 [10] INFO  PokerGame.Controllers.WebSocketsController - WebSocket connection closed
2021-09-02 00:29:45,125 [13] INFO  PokerGame.Controllers.WebSocketsController - Message received from Client
2021-09-02 00:29:45,127 [13] INFO  PokerGame.Controllers.WebSocketsController - WebSocket connection closed
2021-09-02 00:29:45,187 [13] INFO  PokerGame.Controllers.WebSocketsController - Message received from Client
2021-09-02 00:29:45,188 [13] INFO  PokerGame.Controllers.WebSocketsController - WebSocket connection closed
2021-09-02 00:29:45,241 [7] INFO  PokerGame.Controllers.WebSocketsController - Message received from Client
2021-09-02 00:29:45,244 [7] INFO  PokerGame.Controllers.WebSocketsController - WebSocket connection closed
2021-09-02 00:29:45,297 [4] INFO  PokerGame.Controllers.WebSocketsController - Message received from Client
2021-09-02 00:29:45,299 [4] INFO  PokerGame.Controllers.WebSocketsController - WebSocket connection closed
2021-09-02 00:29:45,368 [11] INFO  PokerGame.Controllers.WebSocketsController - Message received from Client
2021-09-02 00:29:45,370 [11] INFO  PokerGame.Controllers.WebSocketsController - WebSocket connection closed
2021-09-02 00:29:45,436 [4] INFO  PokerGame.Controllers.WebSocketsController - Message received from Client
2021-09-02 00:29:45,438 [4] INFO  PokerGame.Controllers.WebSocketsController - WebSocket connection closed
2021-09-02 00:29:45,497 [10] INFO  PokerGame.Controllers.WebSocketsController - Message received from Client
2021-09-02 00:29:45,498 [10] INFO  PokerGame.Controllers.WebSocketsController - WebSocket connection closed
2021-09-02 00:29:45,569 [10] INFO  PokerGame.Controllers.WebSocketsController - Message received from Client
2021-09-02 00:29:45,571 [10] INFO  PokerGame.Controllers.WebSocketsController - WebSocket connection closed
2021-09-02 00:29:45,658 [7] INFO  PokerGame.Controllers.WebSocketsController - Message received from Client
2021-09-02 00:29:45,660 [7] INFO  PokerGame.Controllers.WebSocketsController - WebSocket connection closed
2021-09-02 00:29:45,717 [11] INFO  PokerGame.Controllers.WebSocketsController - Message received from Client
2021-09-02 00:29:45,720 [11] INFO  PokerGame.Controllers.WebSocketsController - WebSocket connection closed
2021-09-02 00:29:45,776 [7] INFO  PokerGame.Controllers.WebSocketsController - Message received from Client
2021-09-02 00:29:45,779 [7] INFO  PokerGame.Controllers.WebSocketsController - WebSocket connection closed
2021-09-02 00:29:45,868 [10] INFO  PokerGame.Controllers.WebSocketsController - Message received from Client
2021-09-02 00:29:45,870 [10] INFO  PokerGame.Controllers.WebSocketsController - WebSocket connection closed
2021-09-02 00:29:45,922 [10] INFO  PokerGame.Controllers.WebSocketsController - Message received from Client
2021-09-02 00:29:45,924 [10] INFO  PokerGame.Controllers.WebSocketsController - WebSocket connection closed
2021-09-02 00:29:45,986 [7] INFO  PokerGame.Controllers.WebSocketsController - Message received from Client
2021-09-02 00:29:45,989 [7] INFO  PokerGame.Controllers.WebSocketsController - WebSocket connection closed
2021-09-02 00:29:46,056 [10] INFO  PokerGame.Controllers.WebSocketsController - Message received from Client
2021-09-02 00:29:46,058 [10] INFO  PokerGame.Controllers.WebSocketsController - WebSocket connection closed
2021-09-02 00:29:46,113 [4] INFO  PokerGame.Controllers.WebSocketsController - Message received from Client
2021-09-02 00:29:46,116 [4] INFO  PokerGame.Controllers.WebSocketsController - WebSocket connection closed
2021-09-02 00:29:46,164 [10] INFO  PokerGame.Controllers.WebSocketsController - Message received from Client
2021-09-02 00:29:46,168 [10] INFO  PokerGame.Controllers.WebSocketsController - WebSocket connection closed
2021-09-02 00:29:46,235 [10] INFO  PokerGame.Controllers.WebSocketsController - Message received from Client
2021-09-02 00:29:46,237 [10] INFO  PokerGame.Controllers.WebSocketsController - WebSocket connection closed
2021-09-02 00:29:46,291 [11] INFO  PokerGame.Controllers.WebSocketsController - Message received from Client
2021-09-02 00:29:46,294 [11] INFO  PokerGame.Controllers.WebSocketsController - WebSocket connection closed
2021-09-02 00:29:46,351 [10] INFO  PokerGame.Controllers.WebSocketsController - Message received from Client
2021-09-02 00:29:46,353 [10] INFO  PokerGame.Controllers.WebSocketsController - WebSocket connection closed
2021-09-02 00:29:46,421 [11] INFO  PokerGame.Controllers.WebSocketsController - Message received from Client
2021-09-02 00:29:46,423 [11] INFO  PokerGame.Controllers.WebSocketsController - WebSocket connection closed
2021-09-02 00:29:46,487 [4] INFO  PokerGame.Controllers.WebSocketsController - Message received from Client
2021-09-02 00:29:46,489 [4] INFO  PokerGame.Controllers.WebSocketsController - WebSocket connection closed
2021-09-02 00:29:46,548 [18] INFO  PokerGame.Controllers.WebSocketsController - Message received from Client
2021-09-02 00:29:46,551 [18] INFO  PokerGame.Controllers.WebSocketsController - WebSocket connection closed
2021-09-02 00:29:46,635 [10] INFO  PokerGame.Controllers.WebSocketsController - Message received from Client
2021-09-02 00:29:46,638 [10] INFO  PokerGame.Controllers.WebSocketsController - WebSocket connection closed
2021-09-02 00:29:46,740 [14] INFO  PokerGame.Controllers.WebSocketsController - Message received from Client
2021-09-02 00:29:46,741 [14] INFO  PokerGame.Controllers.WebSocketsController - WebSocket connection closed
2021-09-02 00:29:46,819 [10] INFO  PokerGame.Controllers.WebSocketsController - Message received from Client
2021-09-02 00:29:46,821 [10] INFO  PokerGame.Controllers.WebSocketsController - WebSocket connection closed
2021-09-02 00:29:46,887 [10] INFO  PokerGame.Controllers.WebSocketsController - Message received from Client
2021-09-02 00:29:46,888 [10] INFO  PokerGame.Controllers.WebSocketsController - WebSocket connection closed
2021-09-02 00:29:46,942 [7] INFO  PokerGame.Controllers.WebSocketsController - Message received from Client
2021-09-02 00:29:46,944 [7] INFO  PokerGame.Controllers.WebSocketsController - WebSocket connection closed
2021-09-02 00:29:47,038 [10] INFO  PokerGame.Controllers.WebSocketsController - Message received from Client
2021-09-02 00:29:47,040 [10] INFO  PokerGame.Controllers.WebSocketsController - WebSocket connection closed
2021-09-02 00:29:47,112 [11] INFO  PokerGame.Controllers.WebSocketsController - Message received from Client
2021-09-02 00:29:47,114 [11] INFO  PokerGame.Controllers.WebSocketsController - WebSocket connection closed
2021-09-02 00:29:47,188 [14] INFO  PokerGame.Controllers.WebSocketsController - Message received from Client
2021-09-02 00:29:47,189 [14] INFO  PokerGame.Controllers.WebSocketsController - WebSocket connection closed
2021-09-02 00:29:47,254 [7] INFO  PokerGame.Controllers.WebSocketsController - Message received from Client
2021-09-02 00:29:47,256 [7] INFO  PokerGame.Controllers.WebSocketsController - WebSocket connection closed
2021-09-02 00:29:47,340 [10] INFO  PokerGame.Controllers.WebSocketsController - Message received from Client
2021-09-02 00:29:47,343 [10] INFO  PokerGame.Controllers.WebSocketsController - WebSocket connection closed
2021-09-02 00:29:47,427 [4] INFO  PokerGame.Controllers.WebSocketsController - Message received from Client
2021-09-02 00:29:47,428 [4] INFO  PokerGame.Controllers.WebSocketsController - WebSocket connection closed
2021-09-02 00:29:47,505 [10] INFO  PokerGame.Controllers.WebSocketsController - Message received from Client
2021-09-02 00:29:47,507 [10] INFO  PokerGame.Controllers.WebSocketsController - WebSocket connection closed
2021-09-02 00:29:47,583 [7] INFO  PokerGame.Controllers.WebSocketsController - Message received from Client
2021-09-02 00:29:47,587 [7] INFO  PokerGame.Controllers.WebSocketsController - WebSocket connection closed
2021-09-02 00:29:47,669 [7] INFO  PokerGame.Controllers.WebSocketsController - Message received from Client
2021-09-02 00:29:47,671 [7] INFO  PokerGame.Controllers.WebSocketsController - WebSocket connection closed
2021-09-02 00:29:47,757 [4] INFO  PokerGame.Controllers.WebSocketsController - Message received from Client
2021-09-02 00:29:47,759 [4] INFO  PokerGame.Controllers.WebSocketsController - WebSocket connection closed
2021-09-02 00:29:47,820 [7] INFO  PokerGame.Controllers.WebSocketsController - Message received from Client
2021-09-02 00:29:47,822 [7] INFO  PokerGame.Controllers.WebSocketsController - WebSocket connection closed
2021-09-02 00:29:47,878 [10] INFO  PokerGame.Controllers.WebSocketsController - Message received from Client
2021-09-02 00:29:47,881 [10] INFO  PokerGame.Controllers.WebSocketsController - WebSocket connection closed
2021-09-02 00:29:47,957 [7] INFO  PokerGame.Controllers.WebSocketsController - Message received from Client
2021-09-02 00:29:47,959 [7] INFO  PokerGame.Controllers.WebSocketsController - WebSocket connection closed
2021-09-02 00:29:48,023 [4] INFO  PokerGame.Controllers.WebSocketsController - Message received from Client
2021-09-02 00:29:48,024 [4] INFO  PokerGame.Controllers.WebSocketsController - WebSocket connection closed
2021-09-02 00:29:48,088 [7] INFO  PokerGame.Controllers.WebSocketsController - Message received from Client
2021-09-02 00:29:48,090 [7] INFO  PokerGame.Controllers.WebSocketsController - WebSocket connection closed
2021-09-02 00:29:48,149 [4] INFO  PokerGame.Controllers.WebSocketsController - Message received from Client
2021-09-02 00:29:48,151 [4] INFO  PokerGame.Controllers.WebSocketsController - WebSocket connection closed
2021-09-02 00:29:48,208 [17] INFO  PokerGame.Controllers.WebSocketsController - Message received from Client
2021-09-02 00:29:48,209 [17] INFO  PokerGame.Controllers.WebSocketsController - WebSocket connection closed
2021-09-02 00:29:48,265 [4] INFO  PokerGame.Controllers.WebSocketsController - Message received from Client
2021-09-02 00:29:48,266 [4] INFO  PokerGame.Controllers.WebSocketsController - WebSocket connection closed
2021-09-02 00:29:48,326 [11] INFO  PokerGame.Controllers.WebSocketsController - Message received from Client
2021-09-02 00:29:48,328 [11] INFO  PokerGame.Controllers.WebSocketsController - WebSocket connection closed
2021-09-02 00:29:48,395 [4] INFO  PokerGame.Controllers.WebSocketsController - Message received from Client
2021-09-02 00:29:48,397 [4] INFO  PokerGame.Controllers.WebSocketsController - WebSocket connection closed
2021-09-02 00:29:48,454 [11] INFO  PokerGame.Controllers.WebSocketsController - Message received from Client
2021-09-02 00:29:48,455 [11] INFO  PokerGame.Controllers.WebSocketsController - WebSocket connection closed
2021-09-02 00:29:48,517 [10] INFO  PokerGame.Controllers.WebSocketsController - Message received from Client
2021-09-02 00:29:48,520 [10] INFO  PokerGame.Controllers.WebSocketsController - WebSocket connection closed
2021-09-02 00:30:04,199 [1] INFO  Microsoft.Hosting.Lifetime - Application started. Press Ctrl+C to shut down.
2021-09-02 00:30:04,204 [1] INFO  Microsoft.Hosting.Lifetime - Hosting environment: Development
2021-09-02 00:30:04,205 [1] INFO  Microsoft.Hosting.Lifetime - Content root path: D:\Project\PokerGame
2021-09-02 00:30:05,176 [17] INFO  PokerGame.Controllers.WebSocketsController - Message received from Client
2021-09-02 00:30:05,193 [7] INFO  PokerGame.Controllers.WebSocketsController - Message received from Client
2021-09-02 00:30:05,208 [13] INFO  PokerGame.Controllers.WebSocketsController - Message received from Client
2021-09-02 00:30:05,210 [14] INFO  PokerGame.Controllers.WebSocketsController - Message received from Client
2021-09-02 00:30:05,261 [31] INFO  PokerGame.Controllers.WebSocketsController - Message received from Client
2021-09-02 00:30:05,291 [17] INFO  PokerGame.Controllers.WebSocketsController - WebSocket connection closed
2021-09-02 00:30:05,307 [7] INFO  PokerGame.Controllers.WebSocketsController - WebSocket connection closed
2021-09-02 00:30:05,320 [13] INFO  PokerGame.Controllers.WebSocketsController - WebSocket connection closed
2021-09-02 00:30:05,336 [14] INFO  PokerGame.Controllers.WebSocketsController - WebSocket connection closed
2021-09-02 00:30:05,350 [31] INFO  PokerGame.Controllers.WebSocketsController - WebSocket connection closed
2021-09-02 00:30:05,386 [33] INFO  PokerGame.Controllers.WebSocketsController - Message received from Client
2021-09-02 00:30:05,400 [33] INFO  PokerGame.Controllers.WebSocketsController - WebSocket connection closed
2021-09-02 00:30:05,503 [14] INFO  PokerGame.Controllers.WebSocketsController - Message received from Client
2021-09-02 00:30:05,516 [14] INFO  PokerGame.Controllers.WebSocketsController - WebSocket connection closed
2021-09-02 00:30:05,593 [7] INFO  PokerGame.Controllers.WebSocketsController - Message received from Client
2021-09-02 00:30:05,596 [7] INFO  PokerGame.Controllers.WebSocketsController - WebSocket connection closed
2021-09-02 00:30:05,719 [4] INFO  PokerGame.Controllers.WebSocketsController - Message received from Client
2021-09-02 00:30:05,726 [4] INFO  PokerGame.Controllers.WebSocketsController - WebSocket connection closed
2021-09-02 00:30:05,806 [4] INFO  PokerGame.Controllers.WebSocketsController - Message received from Client
2021-09-02 00:30:05,810 [4] INFO  PokerGame.Controllers.WebSocketsController - WebSocket connection closed
2021-09-02 00:30:05,870 [7] INFO  PokerGame.Controllers.WebSocketsController - Message received from Client
2021-09-02 00:30:05,872 [7] INFO  PokerGame.Controllers.WebSocketsController - WebSocket connection closed
2021-09-02 00:30:05,924 [12] INFO  PokerGame.Controllers.WebSocketsController - Message received from Client
2021-09-02 00:30:05,925 [12] INFO  PokerGame.Controllers.WebSocketsController - WebSocket connection closed
2021-09-02 00:30:05,988 [10] INFO  PokerGame.Controllers.WebSocketsController - Message received from Client
2021-09-02 00:30:05,991 [10] INFO  PokerGame.Controllers.WebSocketsController - WebSocket connection closed
2021-09-02 00:30:06,071 [10] INFO  PokerGame.Controllers.WebSocketsController - Message received from Client
2021-09-02 00:30:06,074 [10] INFO  PokerGame.Controllers.WebSocketsController - WebSocket connection closed
2021-09-02 00:30:06,122 [4] INFO  PokerGame.Controllers.WebSocketsController - Message received from Client
2021-09-02 00:30:06,124 [4] INFO  PokerGame.Controllers.WebSocketsController - WebSocket connection closed
2021-09-02 00:30:06,179 [7] INFO  PokerGame.Controllers.WebSocketsController - Message received from Client
2021-09-02 00:30:06,182 [7] INFO  PokerGame.Controllers.WebSocketsController - WebSocket connection closed
2021-09-02 00:30:06,248 [12] INFO  PokerGame.Controllers.WebSocketsController - Message received from Client
2021-09-02 00:30:06,249 [12] INFO  PokerGame.Controllers.WebSocketsController - WebSocket connection closed
2021-09-02 00:30:06,310 [12] INFO  PokerGame.Controllers.WebSocketsController - Message received from Client
2021-09-02 00:30:06,311 [12] INFO  PokerGame.Controllers.WebSocketsController - WebSocket connection closed
2021-09-02 00:30:06,376 [28] INFO  PokerGame.Controllers.WebSocketsController - Message received from Client
2021-09-02 00:30:06,378 [28] INFO  PokerGame.Controllers.WebSocketsController - WebSocket connection closed
2021-09-02 00:30:06,446 [7] INFO  PokerGame.Controllers.WebSocketsController - Message received from Client
2021-09-02 00:30:06,447 [7] INFO  PokerGame.Controllers.WebSocketsController - WebSocket connection closed
2021-09-02 00:30:06,524 [27] INFO  PokerGame.Controllers.WebSocketsController - Message received from Client
2021-09-02 00:30:06,527 [27] INFO  PokerGame.Controllers.WebSocketsController - WebSocket connection closed
2021-09-02 00:30:06,603 [4] INFO  PokerGame.Controllers.WebSocketsController - Message received from Client
2021-09-02 00:30:06,605 [4] INFO  PokerGame.Controllers.WebSocketsController - WebSocket connection closed
2021-09-02 00:30:06,671 [7] INFO  PokerGame.Controllers.WebSocketsController - Message received from Client
2021-09-02 00:30:06,674 [7] INFO  PokerGame.Controllers.WebSocketsController - WebSocket connection closed
2021-09-02 00:30:06,756 [12] INFO  PokerGame.Controllers.WebSocketsController - Message received from Client
2021-09-02 00:30:06,759 [12] INFO  PokerGame.Controllers.WebSocketsController - WebSocket connection closed
2021-09-02 00:30:06,831 [33] INFO  PokerGame.Controllers.WebSocketsController - Message received from Client
2021-09-02 00:30:06,834 [33] INFO  PokerGame.Controllers.WebSocketsController - WebSocket connection closed
2021-09-02 00:30:06,894 [18] INFO  PokerGame.Controllers.WebSocketsController - Message received from Client
2021-09-02 00:30:06,896 [18] INFO  PokerGame.Controllers.WebSocketsController - WebSocket connection closed
2021-09-02 00:30:06,954 [10] INFO  PokerGame.Controllers.WebSocketsController - Message received from Client
2021-09-02 00:30:06,955 [10] INFO  PokerGame.Controllers.WebSocketsController - WebSocket connection closed
2021-09-02 00:30:07,018 [4] INFO  PokerGame.Controllers.WebSocketsController - Message received from Client
2021-09-02 00:30:07,020 [4] INFO  PokerGame.Controllers.WebSocketsController - WebSocket connection closed
2021-09-02 00:30:07,092 [7] INFO  PokerGame.Controllers.WebSocketsController - Message received from Client
2021-09-02 00:30:07,094 [7] INFO  PokerGame.Controllers.WebSocketsController - WebSocket connection closed
2021-09-02 00:30:07,156 [10] INFO  PokerGame.Controllers.WebSocketsController - Message received from Client
2021-09-02 00:30:07,158 [10] INFO  PokerGame.Controllers.WebSocketsController - WebSocket connection closed
2021-09-02 00:30:07,220 [11] INFO  PokerGame.Controllers.WebSocketsController - Message received from Client
2021-09-02 00:30:07,221 [11] INFO  PokerGame.Controllers.WebSocketsController - WebSocket connection closed
2021-09-02 00:30:21,687 [1] INFO  Microsoft.Hosting.Lifetime - Application started. Press Ctrl+C to shut down.
2021-09-02 00:30:21,692 [1] INFO  Microsoft.Hosting.Lifetime - Hosting environment: Development
2021-09-02 00:30:21,693 [1] INFO  Microsoft.Hosting.Lifetime - Content root path: D:\Project\PokerGame
2021-09-02 00:30:25,846 [4] INFO  PokerGame.Controllers.WebSocketsController - Message received from Client
2021-09-02 00:30:25,849 [4] INFO  PokerGame.Controllers.WebSocketsController - WebSocket connection closed
2021-09-02 09:02:42,452 [1] INFO  Microsoft.Hosting.Lifetime - Application started. Press Ctrl+C to shut down.
2021-09-02 09:02:42,458 [1] INFO  Microsoft.Hosting.Lifetime - Hosting environment: Development
2021-09-02 09:02:42,460 [1] INFO  Microsoft.Hosting.Lifetime - Content root path: D:\Project\PokerGame
2021-09-02 09:02:48,701 [7] INFO  PokerGame.Controllers.WebSocketsController - Message received from Client
2021-09-02 09:02:53,692 [18] INFO  PokerGame.Controllers.WebSocketsController - Message received from Client
2021-09-02 09:02:53,837 [27] INFO  PokerGame.Controllers.WebSocketsController - Message received from Client
2021-09-02 09:02:53,846 [27] INFO  PokerGame.Controllers.WebSocketsController - Message received from Client
2021-09-02 09:02:56,818 [7] INFO  PokerGame.Controllers.WebSocketsController - Message received from Client
2021-09-02 09:02:58,697 [26] INFO  PokerGame.Controllers.WebSocketsController - Message received from Client
2021-09-02 09:02:58,860 [10] INFO  PokerGame.Controllers.WebSocketsController - Message received from Client
2021-09-02 09:02:59,122 [4] INFO  PokerGame.Controllers.WebSocketsController - Message received from Client
2021-09-02 09:03:00,403 [27] INFO  PokerGame.Controllers.WebSocketsController - Message received from Client
2021-09-02 09:03:00,683 [27] INFO  PokerGame.Controllers.WebSocketsController - Message received from Client
2021-09-02 09:03:00,881 [7] INFO  PokerGame.Controllers.WebSocketsController - Message received from Client
2021-09-02 09:03:01,060 [10] INFO  PokerGame.Controllers.WebSocketsController - Message received from Client
2021-09-02 09:03:01,266 [4] INFO  PokerGame.Controllers.WebSocketsController - Message received from Client
2021-09-02 09:03:01,445 [7] INFO  PokerGame.Controllers.WebSocketsController - Message received from Client
2021-09-02 09:03:01,644 [4] INFO  PokerGame.Controllers.WebSocketsController - Message received from Client
2021-09-02 09:03:01,844 [10] INFO  PokerGame.Controllers.WebSocketsController - Message received from Client
2021-09-02 09:03:02,889 [11] INFO  PokerGame.Controllers.WebSocketsController - Message received from Client
2021-09-02 09:03:02,893 [11] INFO  PokerGame.Controllers.WebSocketsController - WebSocket connection closed
2021-09-02 09:03:03,535 [13] INFO  PokerGame.Controllers.WebSocketsController - Message received from Client
2021-09-02 09:03:03,538 [13] INFO  PokerGame.Controllers.WebSocketsController - WebSocket connection closed
2021-09-02 09:05:27,430 [1] INFO  Microsoft.Hosting.Lifetime - Application started. Press Ctrl+C to shut down.
2021-09-02 09:05:27,439 [1] INFO  Microsoft.Hosting.Lifetime - Hosting environment: Development
2021-09-02 09:05:27,441 [1] INFO  Microsoft.Hosting.Lifetime - Content root path: D:\Project\PokerGame
2021-09-02 09:05:28,024 [7] INFO  PokerGame.Controllers.WebSocketsController - Message received from Client
2021-09-02 09:05:28,028 [7] INFO  PokerGame.Controllers.WebSocketsController - WebSocket connection closed
2021-09-02 09:05:30,634 [11] INFO  PokerGame.Controllers.WebSocketsController - Message received from Client
2021-09-02 09:05:32,675 [12] INFO  PokerGame.Controllers.WebSocketsController - Message received from Client
2021-09-02 09:05:33,121 [7] INFO  PokerGame.Controllers.WebSocketsController - Message received from Client
2021-09-02 09:05:33,205 [4] INFO  PokerGame.Controllers.WebSocketsController - Message received from Client
2021-09-02 09:05:35,475 [11] INFO  PokerGame.Controllers.WebSocketsController - Message received from Client
2021-09-02 09:05:36,766 [4] INFO  PokerGame.Controllers.WebSocketsController - Message received from Client
2021-09-02 09:05:37,210 [12] INFO  PokerGame.Controllers.WebSocketsController - Message received from Client
2021-09-02 09:05:38,035 [7] INFO  PokerGame.Controllers.WebSocketsController - Message received from Client
2021-09-02 09:05:38,209 [4] INFO  PokerGame.Controllers.WebSocketsController - Message received from Client
2021-09-02 09:05:38,688 [11] INFO  PokerGame.Controllers.WebSocketsController - Message received from Client
2021-09-02 09:05:39,130 [4] INFO  PokerGame.Controllers.WebSocketsController - Message received from Client
2021-09-02 09:05:40,460 [13] INFO  PokerGame.Controllers.WebSocketsController - Message received from Client
2021-09-02 09:05:41,431 [7] INFO  PokerGame.Controllers.WebSocketsController - Message received from Client
2021-09-02 09:05:42,381 [7] INFO  PokerGame.Controllers.WebSocketsController - Message received from Client
2021-09-02 09:05:43,035 [4] INFO  PokerGame.Controllers.WebSocketsController - Message received from Client
2021-09-02 09:05:43,212 [7] INFO  PokerGame.Controllers.WebSocketsController - Message received from Client
2021-09-02 09:05:43,691 [4] INFO  PokerGame.Controllers.WebSocketsController - Message received from Client
2021-09-02 09:05:44,330 [7] INFO  PokerGame.Controllers.WebSocketsController - Message received from Client
2021-09-02 09:05:48,215 [4] INFO  PokerGame.Controllers.WebSocketsController - Message received from Client
2021-09-02 09:05:49,051 [11] INFO  PokerGame.Controllers.WebSocketsController - Message received from Client
2021-09-02 09:05:49,419 [11] INFO  PokerGame.Controllers.WebSocketsController - Message received from Client
2021-09-02 09:05:50,370 [7] INFO  PokerGame.Controllers.WebSocketsController - Message received from Client
2021-09-02 09:05:51,562 [7] INFO  PokerGame.Controllers.WebSocketsController - Message received from Client
2021-09-02 09:05:52,490 [12] INFO  PokerGame.Controllers.WebSocketsController - Message received from Client
2021-09-02 09:05:53,146 [4] INFO  PokerGame.Controllers.WebSocketsController - Message received from Client
2021-09-02 09:05:53,219 [4] INFO  PokerGame.Controllers.WebSocketsController - Message received from Client
2021-09-02 09:05:54,322 [7] INFO  PokerGame.Controllers.WebSocketsController - Message received from Client
2021-09-02 09:05:54,422 [14] INFO  PokerGame.Controllers.WebSocketsController - Message received from Client
2021-09-02 09:05:55,155 [14] INFO  PokerGame.Controllers.WebSocketsController - Message received from Client
2021-09-02 09:05:55,987 [4] INFO  PokerGame.Controllers.WebSocketsController - Message received from Client
2021-09-02 09:05:58,230 [11] INFO  PokerGame.Controllers.WebSocketsController - Message received from Client
2021-09-02 09:05:59,425 [14] INFO  PokerGame.Controllers.WebSocketsController - Message received from Client
2021-09-02 09:06:00,793 [7] INFO  PokerGame.Controllers.WebSocketsController - Message received from Client
2021-09-02 09:06:00,796 [7] INFO  PokerGame.Controllers.WebSocketsController - WebSocket connection closed
2021-09-02 09:06:02,091 [4] INFO  PokerGame.Controllers.WebSocketsController - Message received from Client
2021-09-02 09:06:02,093 [4] INFO  PokerGame.Controllers.WebSocketsController - WebSocket connection closed
